<persistence xmlns="http://java.sun.com/xml/ns/persistence"
	xmlns:xsi="http://www.w3.org/2001/XMLSchema-instance"
	xsi:schemaLocation="http://java.sun.com/xml/ns/persistence http://java.sun.com/xml/ns/persistence/persistence_2_0.xsd"
	version="2.0">

	<persistence-unit name="community-unit" transaction-type="RESOURCE_LOCAL">
		<class>com.jorgma.applications.users_community.model.user.User</class>
		<class>com.jorgma.applications.users_community.model.user.UserId</class>
	</persistence-unit>
</persistence>